make all --print-data-base --no-builtin-variables --no-builtin-rules --question
# GNU Make 3.81
# Copyright (C) 2006  Free Software Foundation, Inc.
# This is free software; see the source for copying conditions.
# There is NO warranty; not even for MERCHANTABILITY or FITNESS FOR A
# PARTICULAR PURPOSE.

# This program built for i386-apple-darwin11.3.0
 

# Make data base, printed on Mon Jun 20 21:11:54 2022

# Variables

# automatic
<D = $(patsubst %/,%,$(dir $<))
# automatic
?F = $(notdir $?)
# makefile (from `Makefile', line 18)
OBJ = $(addprefix obj/, ${SRC:.c=.o})
# makefile (from `Makefile', line 15)
SRC = getnext_line/get_next_line_utils.c getnext_line/get_next_line.c push_swap.c isvalidate.c push_swap.c init.c
# environment
VSCODE_LOG_NATIVE = false
# makefile (from `Makefile', line 31)
LIBRARY = libft/libft.a
# automatic
?D = $(patsubst %/,%,$(dir $?))
# automatic
@D = $(patsubst %/,%,$(dir $@))
# automatic
@F = $(notdir $@)
# makefile
CURDIR := /Users/faljaoui/Desktop/pushswapp7
# makefile
SHELL = /bin/sh
# makefile (from `Makefile', line 25)
RM = rm -f
# environment
VSCODE_NLS_CONFIG = {"locale":"en-us","availableLanguages":{},"_languagePackSupport":true}
# environment
_ = /usr/bin/make
# makefile (from `Makefile', line 23)
CFLAGS = -Wall -Werror -Wextra -g
# makefile (from `Makefile', line 1)
MAKEFILE_LIST :=  Makefile
# environment
VSCODE_VERBOSE_LOGGING = true
# environment
VSCODE_IPC_HOOK_EXTHOST = /var/folders/zz/zyxvpxvq6csfxvn_n000ccjw00334g/T/vscode-ipc-16e7ba28-dcf6-4780-b1cd-d6e59227d7d4.sock
# environment
VSCODE_CWD = /
# environment
PATH = /usr/local/bin:/usr/bin:/bin:/usr/sbin:/sbin:/usr/local/munki
# environment
LSCOLORS = Gxfxcxdxbxegedabagacad
# environment
VSCODE_LOG_STACK = false
# environment
ELECTRON_RUN_AS_NODE = 1
# default
.FEATURES := target-specific order-only second-expansion else-if archives jobserver check-symlink
# environment
SSH_AUTH_SOCK = /private/tmp/com.apple.launchd.DMjElyRpJC/Listeners
# automatic
%F = $(notdir $%)
# environment
VSCODE_PIPE_LOGGING = true
# environment
PWD = /Users/faljaoui/Desktop/pushswapp7
# environment
ORIGINAL_XDG_CURRENT_DESKTOP = undefined
# environment
VSCODE_AMD_ENTRYPOINT = vs/workbench/api/node/extensionHostProcess
# environment
HOME = /Users/faljaoui
# default
MAKEFILEPATH = $(shell /usr/bin/xcode-select -print-path 2>/dev/null || echo /Developer)/Makefiles
# environment
VSCODE_CODE_CACHE_PATH = /Users/faljaoui/Library/Application Support/Code/CachedData/57fd6d0195bb9b9d1b49f6da5db789060795de47
# environment
LOGNAME = faljaoui
# environment
APPLICATION_INSIGHTS_NO_DIAGNOSTIC_CHANNEL = 1
# environment
COLOR1 = \033[1;\033[1;31m
# environment
ZSH = /Users/faljaoui/.oh-my-zsh
# environment
VSCODE_HANDLES_UNCAUGHT_ERRORS = true
# automatic
^D = $(patsubst %/,%,$(dir $^))
# environment
XPC_FLAGS = 0x0
# default
MAKE = $(MAKE_COMMAND)
# default
MAKECMDGOALS := all
# environment
SHLVL = 1
# makefile (from `Makefile', line 21)
CC = cc
# default
MAKE_VERSION := 3.81
# environment
USER = faljaoui
# makefile
.DEFAULT_GOAL := all
# makefile (from `Makefile', line 29)
NAME = push_swap
# environment
COLOR4 = \033[1;\033[1;35m
# environment
LESS = -R
# automatic
%D = $(patsubst %/,%,$(dir $%))
# default
MAKE_COMMAND := /Library/Developer/CommandLineTools/usr/bin/make
# environment
COLOR2 = \033[1;\033[1;36m
# default
.VARIABLES := 
# environment
TMPDIR = /var/folders/zz/zyxvpxvq6csfxvn_n000ccjw00334g/T/
# automatic
*F = $(notdir $*)
# environment
VSCODE_IPC_HOOK = /Users/faljaoui/Library/Application Support/Code/1.67.0-main.sock
# makefile
MAKEFLAGS = Rrqp
# environment
MFLAGS = -Rrqp
# automatic
*D = $(patsubst %/,%,$(dir $*))
# environment
XPC_SERVICE_NAME = com.microsoft.VSCode.2076
# automatic
+D = $(patsubst %/,%,$(dir $+))
# automatic
+F = $(notdir $+)
# environment
__CF_USER_TEXT_ENCODING = 0x18C8F:0x0:0x0
# default
MAKEFILES := 
# automatic
<F = $(notdir $<)
# environment
PAGER = less
# environment
 
LC_ALL = C
# makefile (from `Makefile', line 27)
LIBS = push_swap.h
# automatic
^F = $(notdir $^)
# default
SUFFIXES := 
# default
.INCLUDE_DIRS = /usr/local/include
# environment
MAKELEVEL := 0
# environment
LANG = C
# environment
VSCODE_PID = 1288
# environment
COLOR3 = \033[1;\033[1;33m
# variable set hash-table stats:
# Load=76/1024=7%, Rehash=0, Collisions=4/113=4%

# Pattern-specific Variable Values

# No pattern-specific variable values.

# Directories

# . (device 16777225, inode 160653): 15 files, no impossibilities.
# getnext_line (device 16777225, inode 160846): 5 files, no impossibilities so far.

# 20 files, no impossibilities in 2 directories.

# Implicit Rules

obj/%.o: %.c
#  commands to execute (from `Makefile', line 44):
	@ mkdir -p obj/getnext_line
	$(CC)  -c $< -o $@
	

# 1 implicit rules, 0 (0.0%) terminal.

# Files

# Not a target:
push_swap.c:
#  Implicit rule search has been done.
#  Last modified 2022-06-20 20:59:36
#  File has been updated.
#  Successfully updated.
# variable set hash-table stats:
# Load=0/32=0%, Rehash=0, Collisions=0/0=0%

all: push_swap
#  Command-line target.
#  Implicit rule search has been done.
#  File does not exist.
#  File has been updated.
#  Needs to be updated (-q is set).
# variable set hash-table stats:
# Load=0/32=0%, Rehash=0, Collisions=0/3=0%

obj/push_swap.o: push_swap.c
#  Implicit rule search has been done.
#  Implicit/static pattern stem: `push_swap'
#  Last modified 2022-06-19 05:22:40
#  File has been updated.
#  Needs to be updated (-q is set).
# automatic
# @ := obj/push_swap.o
# automatic
# % := 
# automatic
# * := push_swap
# automatic
# + := push_swap.c
# automatic
# | := 
# automatic
# < := push_swap.c
# automatic
# ^ := push_swap.c
# automatic
# ? := push_swap.c
# variable set hash-table stats:
# Load=8/32=25%, Rehash=0, Collisions=1/13=8%
#  commands to execute (from `Makefile', line 44):
	@ mkdir -p obj/getnext_line
	$(CC)  -c $< -o $@
	

# Not a target:
push_swap.h:
#  Implicit rule search has not been done.
#  Modification time never checked.
#  File has not been updated.

# Not a target:
obj/isvalidate.o:
#  Implicit rule search has not been done.
#  Modification time never checked.
#  File has not been updated.

# Not a target:
.SUFFIXES:
#  Implicit rule search has not been done.
#  Modification time never checked.
#  File has not been updated.

# Not a target:
Makefile:
#  Implicit rule search has been done.
 
#  Last modified 2022-06-19 05:03:58
#  File has been updated.
#  Successfully updated.
# variable set hash-table stats:
# Load=0/32=0%, Rehash=0, Collisions=0/0=0%

libft/libft.a:
#  Implicit rule search has not been done.
#  Last modified 2022-06-19 05:22:41
#  File has been updated.
#  Successfully updated.
#  commands to execute (from `Makefile', line 41):
	make -C libft
	

fclean:
#  Implicit rule search has not been done.
#  Modification time never checked.
#  File has not been updated.
#  commands to execute (from `Makefile', line 49):
	make fclean -C libft
	$(RM) $(OBJ) $(NAME)
	

obj/getnext_line/get_next_line_utils.o: getnext_line/get_next_line_utils.c
#  Implicit rule search has been done.
#  Implicit/static pattern stem: `getnext_line/get_next_line_utils'
#  Last modified 2022-06-19 05:22:40
#  File has been updated.
#  Successfully updated.
# variable set hash-table stats:
# Load=0/32=0%, Rehash=0, Collisions=0/0=0%
#  commands to execute (from `Makefile', line 44):
	@ mkdir -p obj/getnext_line
	$(CC)  -c $< -o $@
	

# Not a target:
getnext_line/get_next_line_utils.c:
#  Implicit rule search has been done.
#  Last modified 2022-06-19 01:40:14
#  File has been updated.
#  Successfully updated.
# variable set hash-table stats:
# Load=0/32=0%, Rehash=0, Collisions=0/0=0%

# Not a target:
.DEFAULT:
#  Implicit rule search has not been done.
#  Modification time never checked.
#  File has not been updated.

re: fclean obj/getnext_line/get_next_line_utils.o obj/getnext_line/get_next_line.o obj/push_swap.o obj/isvalidate.o obj/push_swap.o obj/init.o push_swap
#  Implicit rule search has not been done.
#  Modification time never checked.
#  File has not been updated.

# Not a target:
obj/init.o:
#  Implicit rule search has not been done.
#  Modification time never checked.
#  File has not been updated.

push_swap: libft/libft.a obj/getnext_line/get_next_line_utils.o obj/getnext_line/get_next_line.o obj/push_swap.o obj/isvalidate.o obj/push_swap.o obj/init.o push_swap.h
#  Implicit rule search has not been done.
#  File does not exist.
#  File has been updated.
#  Needs to be updated (-q is set).
# variable set hash-table stats:
# Load=0/32=0%, Rehash=0, Collisions=0/3=0%
#  commands to execute (from `Makefile', line 37):
	$(CC) $(CFLAGS) $(LIBRARY) $(OBJ) -g -o $(NAME)
	

obj/getnext_line/get_next_line.o: getnext_line/get_next_line.c
#  Implicit rule search has been done.
#  Implicit/static pattern stem: `getnext_line/get_next_line'
#  Last modified 2022-06-19 05:22:40
#  File has been updated.
#  Successfully updated.
# variable set hash-table stats:
# Load=0/32=0%, Rehash=0, Collisions=0/0=0%
#  commands to execute (from `Makefile', line 44):
	@ mkdir -p obj/getnext_line
	$(CC)  -c $< -o $@
	

# Not a target:
getnext_line/get_next_line.c:
#  Implicit rule search has been done.
#  Last modified 2022-06-19 01:43:57
#  File has been updated.
#  Successfully updated.
# variable set hash-table stats:
# Load=0/32=0%, Rehash=0, Collisions=0/0=0%

# files hash-table stats:
# Load=17/1024=2%, Rehash=0, Collisions=0/56=0%
# VPATH Search Paths

# No `vpath' search paths.

# No general (`VPATH' variable) search path.

# # of strings in strcache: 1
# # of strcache buffers: 1
# strcache size: total = 4096 / max = 4096 / min = 4096 / avg = 4096
# strcache free: total = 4087 / max = 4087 / min = 4087 / avg = 4087

# Finished Make data base on Mon Jun 20 21:11:54 2022

 
